{"timestamp": "2025-11-29T01:35:34.692896+00:00", "level": "INFO", "message": "Starting RSS fetch process"}
{"timestamp": "2025-11-29T01:35:34.693077+00:00", "level": "INFO", "message": "Starting fetch for category 'AI Machine Learning'", "category": "AI Machine Learning"}
{"timestamp": "2025-11-29T01:35:34.829026+00:00", "level": "INFO", "message": "Fetched 10 articles from MIT Technology Review \u2013 AI", "category": "AI Machine Learning", "feed_url": "https://www.technologyreview.com/feed/", "status": "success"}
{"timestamp": "2025-11-29T01:35:34.829700+00:00", "level": "INFO", "message": "Fetched 7 articles from VentureBeat AI", "category": "AI Machine Learning", "feed_url": "https://venturebeat.com/category/ai/feed/", "status": "success"}
{"timestamp": "2025-11-29T01:35:34.829843+00:00", "level": "ERROR", "message": "Error fetching Towards Data Science (attempt 1): Invalid RSS: <unknown>:7:2: mismatched tag", "category": "AI Machine Learning", "feed_url": "https://towardsdatascience.com/feed", "status": "failure", "error_message": "Invalid RSS: <unknown>:7:2: mismatched tag"}
{"timestamp": "2025-11-29T01:35:34.947823+00:00", "level": "ERROR", "message": "Error fetching The Batch (Andrew Ng) (attempt 1): Invalid RSS: <unknown>:2:4391: not well-formed (invalid token)", "category": "AI Machine Learning", "feed_url": "https://www.deeplearning.ai/thebatch/rss/", "status": "failure", "error_message": "Invalid RSS: <unknown>:2:4391: not well-formed (invalid token)"}
{"timestamp": "2025-11-29T01:35:35.037055+00:00", "level": "INFO", "message": "Fetched 10 articles from AI Trends", "category": "AI Machine Learning", "feed_url": "https://www.aitrends.com/feed/", "status": "success"}
{"timestamp": "2025-11-29T01:35:36.074472+00:00", "level": "ERROR", "message": "Error fetching Towards Data Science (attempt 2): Invalid RSS: <unknown>:7:2: mismatched tag", "category": "AI Machine Learning", "feed_url": "https://towardsdatascience.com/feed", "status": "failure", "error_message": "Invalid RSS: <unknown>:7:2: mismatched tag"}
{"timestamp": "2025-11-29T01:35:36.125818+00:00", "level": "ERROR", "message": "Error fetching The Batch (Andrew Ng) (attempt 2): Invalid RSS: <unknown>:2:4391: not well-formed (invalid token)", "category": "AI Machine Learning", "feed_url": "https://www.deeplearning.ai/thebatch/rss/", "status": "failure", "error_message": "Invalid RSS: <unknown>:2:4391: not well-formed (invalid token)"}
{"timestamp": "2025-11-29T01:35:38.141358+00:00", "level": "ERROR", "message": "Error fetching Towards Data Science (attempt 3): Invalid RSS: <unknown>:7:2: mismatched tag", "category": "AI Machine Learning", "feed_url": "https://towardsdatascience.com/feed", "status": "failure", "error_message": "Invalid RSS: <unknown>:7:2: mismatched tag"}
{"timestamp": "2025-11-29T01:35:38.270419+00:00", "level": "ERROR", "message": "Error fetching The Batch (Andrew Ng) (attempt 3): Invalid RSS: <unknown>:2:4391: not well-formed (invalid token)", "category": "AI Machine Learning", "feed_url": "https://www.deeplearning.ai/thebatch/rss/", "status": "failure", "error_message": "Invalid RSS: <unknown>:2:4391: not well-formed (invalid token)"}
{"timestamp": "2025-11-29T01:35:38.272623+00:00", "level": "INFO", "message": "Saved 27 articles for category 'AI Machine Learning'", "category": "AI Machine Learning", "status": "success"}
{"timestamp": "2025-11-29T01:35:38.272731+00:00", "level": "INFO", "message": "Starting fetch for category 'Software Engineering'", "category": "Software Engineering"}
{"timestamp": "2025-11-29T01:35:38.346024+00:00", "level": "INFO", "message": "Fetched 20 articles from Hacker News Front Page", "category": "Software Engineering", "feed_url": "https://hnrss.org/frontpage", "status": "success"}
{"timestamp": "2025-11-29T01:35:38.448848+00:00", "level": "INFO", "message": "Fetched 26 articles from The New Stack", "category": "Software Engineering", "feed_url": "https://thenewstack.io/feed/", "status": "success"}
{"timestamp": "2025-11-29T01:35:38.449815+00:00", "level": "INFO", "message": "Fetched 12 articles from Dev.to", "category": "Software Engineering", "feed_url": "https://dev.to/feed", "status": "success"}
{"timestamp": "2025-11-29T01:35:38.451459+00:00", "level": "ERROR", "message": "Error fetching Reddit /r/programming (attempt 1): Invalid RSS: <unknown>:2:12: not well-formed (invalid token)", "category": "Software Engineering", "feed_url": "https://www.reddit.com/r/programming/.rss", "status": "failure", "error_message": "Invalid RSS: <unknown>:2:12: not well-formed (invalid token)"}
{"timestamp": "2025-11-29T01:35:39.104028+00:00", "level": "INFO", "message": "Fetched 15 articles from InfoQ", "category": "Software Engineering", "feed_url": "https://www.infoq.com/feed/", "status": "success"}
{"timestamp": "2025-11-29T01:35:39.962745+00:00", "level": "INFO", "message": "Fetched 25 articles from Reddit /r/programming", "category": "Software Engineering", "feed_url": "https://www.reddit.com/r/programming/.rss", "status": "success"}
{"timestamp": "2025-11-29T01:35:39.965065+00:00", "level": "INFO", "message": "Saved 98 articles for category 'Software Engineering'", "category": "Software Engineering", "status": "success"}
{"timestamp": "2025-11-29T01:35:39.965161+00:00", "level": "INFO", "message": "Starting fetch for category 'AI Hardware'", "category": "AI Hardware"}
{"timestamp": "2025-11-29T01:35:40.063125+00:00", "level": "ERROR", "message": "Error fetching DataCenterDynamics (attempt 1): Invalid RSS: <unknown>:2:751: not well-formed (invalid token)", "category": "AI Hardware", "feed_url": "https://www.datacenterdynamics.com/rss-news/", "status": "failure", "error_message": "Invalid RSS: <unknown>:2:751: not well-formed (invalid token)"}
{"timestamp": "2025-11-29T01:35:40.327844+00:00", "level": "INFO", "message": "Fetched 50 articles from Tom's Hardware", "category": "AI Hardware", "feed_url": "https://www.tomshardware.com/feeds/all", "status": "success"}
{"timestamp": "2025-11-29T01:35:40.394917+00:00", "level": "ERROR", "message": "Error fetching The Next Platform (attempt 1): Invalid RSS: <unknown>:7:2: mismatched tag", "category": "AI Hardware", "feed_url": "https://www.nextplatform.com/feed/", "status": "failure", "error_message": "Invalid RSS: <unknown>:7:2: mismatched tag"}
{"timestamp": "2025-11-29T01:35:40.463469+00:00", "level": "INFO", "message": "Fetched 6 articles from ServeTheHome", "category": "AI Hardware", "feed_url": "https://www.servethehome.com/feed/", "status": "success"}
{"timestamp": "2025-11-29T01:35:40.850204+00:00", "level": "ERROR", "message": "Error fetching AnandTech \u2013 GPUs (attempt 1): Invalid RSS: <unknown>:232:117: not well-formed (invalid token)", "category": "AI Hardware", "feed_url": "https://www.anandtech.com/rss/tag/gpus", "status": "failure", "error_message": "Invalid RSS: <unknown>:232:117: not well-formed (invalid token)"}
{"timestamp": "2025-11-29T01:35:41.136350+00:00", "level": "ERROR", "message": "Error fetching DataCenterDynamics (attempt 2): Invalid RSS: <unknown>:2:751: not well-formed (invalid token)", "category": "AI Hardware", "feed_url": "https://www.datacenterdynamics.com/rss-news/", "status": "failure", "error_message": "Invalid RSS: <unknown>:2:751: not well-formed (invalid token)"}
{"timestamp": "2025-11-29T01:35:41.480196+00:00", "level": "ERROR", "message": "Error fetching The Next Platform (attempt 2): Invalid RSS: <unknown>:7:2: mismatched tag", "category": "AI Hardware", "feed_url": "https://www.nextplatform.com/feed/", "status": "failure", "error_message": "Invalid RSS: <unknown>:7:2: mismatched tag"}
{"timestamp": "2025-11-29T01:35:42.144002+00:00", "level": "ERROR", "message": "Error fetching AnandTech \u2013 GPUs (attempt 2): Invalid RSS: <unknown>:232:117: not well-formed (invalid token)", "category": "AI Hardware", "feed_url": "https://www.anandtech.com/rss/tag/gpus", "status": "failure", "error_message": "Invalid RSS: <unknown>:232:117: not well-formed (invalid token)"}
{"timestamp": "2025-11-29T01:35:43.207077+00:00", "level": "ERROR", "message": "Error fetching DataCenterDynamics (attempt 3): Invalid RSS: <unknown>:2:751: not well-formed (invalid token)", "category": "AI Hardware", "feed_url": "https://www.datacenterdynamics.com/rss-news/", "status": "failure", "error_message": "Invalid RSS: <unknown>:2:751: not well-formed (invalid token)"}
{"timestamp": "2025-11-29T01:35:43.571931+00:00", "level": "ERROR", "message": "Error fetching The Next Platform (attempt 3): Invalid RSS: <unknown>:7:2: mismatched tag", "category": "AI Hardware", "feed_url": "https://www.nextplatform.com/feed/", "status": "failure", "error_message": "Invalid RSS: <unknown>:7:2: mismatched tag"}
{"timestamp": "2025-11-29T01:35:44.439417+00:00", "level": "ERROR", "message": "Error fetching AnandTech \u2013 GPUs (attempt 3): Invalid RSS: <unknown>:232:117: not well-formed (invalid token)", "category": "AI Hardware", "feed_url": "https://www.anandtech.com/rss/tag/gpus", "status": "failure", "error_message": "Invalid RSS: <unknown>:232:117: not well-formed (invalid token)"}
{"timestamp": "2025-11-29T01:35:44.440977+00:00", "level": "INFO", "message": "Saved 56 articles for category 'AI Hardware'", "category": "AI Hardware", "status": "success"}
{"timestamp": "2025-11-29T01:35:44.441035+00:00", "level": "INFO", "message": "RSS fetch process completed", "status": "success"}
{"timestamp": "2025-11-29T02:32:50.493871+00:00", "level": "INFO", "message": "Starting RSS fetch process"}
{"timestamp": "2025-11-29T02:32:50.494229+00:00", "level": "INFO", "message": "Skipping category 'AI Machine Learning' (already fetched today)", "category": "AI Machine Learning", "status": "skipped"}
{"timestamp": "2025-11-29T02:32:50.494284+00:00", "level": "INFO", "message": "Skipping category 'Software Engineering' (already fetched today)", "category": "Software Engineering", "status": "skipped"}
{"timestamp": "2025-11-29T02:32:50.494324+00:00", "level": "INFO", "message": "Skipping category 'AI Hardware' (already fetched today)", "category": "AI Hardware", "status": "skipped"}
{"timestamp": "2025-11-29T02:32:50.494353+00:00", "level": "INFO", "message": "RSS fetch process completed", "status": "success"}
