{"timestamp": "2025-11-29T16:56:07.916377+00:00", "level": "INFO", "message": "Starting RSS fetch process"}
{"timestamp": "2025-11-29T16:56:07.916765+00:00", "level": "INFO", "message": "Starting fetch for category 'AI Machine Learning'", "category": "AI Machine Learning"}
{"timestamp": "2025-11-29T16:56:08.025914+00:00", "level": "INFO", "message": "Fetched 10 articles from MIT Technology Review \u2013 AI", "category": "AI Machine Learning", "feed_url": "https://www.technologyreview.com/feed/", "status": "success"}
{"timestamp": "2025-11-29T16:56:08.048927+00:00", "level": "INFO", "message": "Fetched 7 articles from VentureBeat AI", "category": "AI Machine Learning", "feed_url": "https://venturebeat.com/category/ai/feed/", "status": "success"}
{"timestamp": "2025-11-29T16:56:08.049523+00:00", "level": "ERROR", "message": "Error fetching Towards Data Science (attempt 1): Invalid RSS: <unknown>:7:2: mismatched tag", "category": "AI Machine Learning", "feed_url": "https://towardsdatascience.com/feed", "status": "failure", "error_message": "Invalid RSS: <unknown>:7:2: mismatched tag"}
{"timestamp": "2025-11-29T16:56:08.165978+00:00", "level": "INFO", "message": "Fetched 10 articles from AI Trends", "category": "AI Machine Learning", "feed_url": "https://www.aitrends.com/feed/", "status": "success"}
{"timestamp": "2025-11-29T16:56:08.372867+00:00", "level": "ERROR", "message": "Error fetching The Batch (Andrew Ng) (attempt 1): Invalid RSS: <unknown>:2:4391: not well-formed (invalid token)", "category": "AI Machine Learning", "feed_url": "https://www.deeplearning.ai/thebatch/rss/", "status": "failure", "error_message": "Invalid RSS: <unknown>:2:4391: not well-formed (invalid token)"}
{"timestamp": "2025-11-29T16:56:09.148529+00:00", "level": "ERROR", "message": "Error fetching Towards Data Science (attempt 2): Invalid RSS: <unknown>:7:2: mismatched tag", "category": "AI Machine Learning", "feed_url": "https://towardsdatascience.com/feed", "status": "failure", "error_message": "Invalid RSS: <unknown>:7:2: mismatched tag"}
{"timestamp": "2025-11-29T16:56:09.529576+00:00", "level": "ERROR", "message": "Error fetching The Batch (Andrew Ng) (attempt 2): Invalid RSS: <unknown>:2:4391: not well-formed (invalid token)", "category": "AI Machine Learning", "feed_url": "https://www.deeplearning.ai/thebatch/rss/", "status": "failure", "error_message": "Invalid RSS: <unknown>:2:4391: not well-formed (invalid token)"}
{"timestamp": "2025-11-29T16:56:11.291175+00:00", "level": "ERROR", "message": "Error fetching Towards Data Science (attempt 3): Invalid RSS: <unknown>:7:2: mismatched tag", "category": "AI Machine Learning", "feed_url": "https://towardsdatascience.com/feed", "status": "failure", "error_message": "Invalid RSS: <unknown>:7:2: mismatched tag"}
{"timestamp": "2025-11-29T16:56:11.673609+00:00", "level": "ERROR", "message": "Error fetching The Batch (Andrew Ng) (attempt 3): Invalid RSS: <unknown>:2:4391: not well-formed (invalid token)", "category": "AI Machine Learning", "feed_url": "https://www.deeplearning.ai/thebatch/rss/", "status": "failure", "error_message": "Invalid RSS: <unknown>:2:4391: not well-formed (invalid token)"}
{"timestamp": "2025-11-29T16:56:11.674904+00:00", "level": "INFO", "message": "Saved 27 articles for category 'AI Machine Learning'", "category": "AI Machine Learning", "status": "success"}
{"timestamp": "2025-11-29T16:56:11.674996+00:00", "level": "INFO", "message": "Starting fetch for category 'Software Engineering'", "category": "Software Engineering"}
{"timestamp": "2025-11-29T16:56:11.764643+00:00", "level": "INFO", "message": "Fetched 20 articles from Hacker News Front Page", "category": "Software Engineering", "feed_url": "https://hnrss.org/frontpage", "status": "success"}
{"timestamp": "2025-11-29T16:56:11.838346+00:00", "level": "INFO", "message": "Fetched 12 articles from Dev.to", "category": "Software Engineering", "feed_url": "https://dev.to/feed", "status": "success"}
{"timestamp": "2025-11-29T16:56:11.852660+00:00", "level": "ERROR", "message": "Error fetching Reddit /r/programming (attempt 1): Invalid RSS: <unknown>:2:12: not well-formed (invalid token)", "category": "Software Engineering", "feed_url": "https://www.reddit.com/r/programming/.rss", "status": "failure", "error_message": "Invalid RSS: <unknown>:2:12: not well-formed (invalid token)"}
{"timestamp": "2025-11-29T16:56:11.893993+00:00", "level": "INFO", "message": "Fetched 26 articles from The New Stack", "category": "Software Engineering", "feed_url": "https://thenewstack.io/feed/", "status": "success"}
{"timestamp": "2025-11-29T16:56:12.495480+00:00", "level": "INFO", "message": "Fetched 15 articles from InfoQ", "category": "Software Engineering", "feed_url": "https://www.infoq.com/feed/", "status": "success"}
{"timestamp": "2025-11-29T16:56:13.354554+00:00", "level": "INFO", "message": "Fetched 25 articles from Reddit /r/programming", "category": "Software Engineering", "feed_url": "https://www.reddit.com/r/programming/.rss", "status": "success"}
{"timestamp": "2025-11-29T16:56:13.356001+00:00", "level": "INFO", "message": "Saved 98 articles for category 'Software Engineering'", "category": "Software Engineering", "status": "success"}
{"timestamp": "2025-11-29T16:56:13.356088+00:00", "level": "INFO", "message": "Starting fetch for category 'AI Hardware'", "category": "AI Hardware"}
{"timestamp": "2025-11-29T16:56:13.457974+00:00", "level": "ERROR", "message": "Error fetching DataCenterDynamics (attempt 1): Invalid RSS: <unknown>:2:751: not well-formed (invalid token)", "category": "AI Hardware", "feed_url": "https://www.datacenterdynamics.com/rss-news/", "status": "failure", "error_message": "Invalid RSS: <unknown>:2:751: not well-formed (invalid token)"}
{"timestamp": "2025-11-29T16:56:13.619593+00:00", "level": "INFO", "message": "Fetched 50 articles from Tom's Hardware", "category": "AI Hardware", "feed_url": "https://www.tomshardware.com/feeds/all", "status": "success"}
{"timestamp": "2025-11-29T16:56:13.667309+00:00", "level": "ERROR", "message": "Error fetching The Next Platform (attempt 1): Invalid RSS: <unknown>:7:2: mismatched tag", "category": "AI Hardware", "feed_url": "https://www.nextplatform.com/feed/", "status": "failure", "error_message": "Invalid RSS: <unknown>:7:2: mismatched tag"}
{"timestamp": "2025-11-29T16:56:13.859934+00:00", "level": "INFO", "message": "Fetched 6 articles from ServeTheHome", "category": "AI Hardware", "feed_url": "https://www.servethehome.com/feed/", "status": "success"}
{"timestamp": "2025-11-29T16:56:14.148807+00:00", "level": "ERROR", "message": "Error fetching AnandTech \u2013 GPUs (attempt 1): Invalid RSS: <unknown>:232:117: not well-formed (invalid token)", "category": "AI Hardware", "feed_url": "https://www.anandtech.com/rss/tag/gpus", "status": "failure", "error_message": "Invalid RSS: <unknown>:232:117: not well-formed (invalid token)"}
{"timestamp": "2025-11-29T16:56:14.532340+00:00", "level": "ERROR", "message": "Error fetching DataCenterDynamics (attempt 2): Invalid RSS: <unknown>:2:751: not well-formed (invalid token)", "category": "AI Hardware", "feed_url": "https://www.datacenterdynamics.com/rss-news/", "status": "failure", "error_message": "Invalid RSS: <unknown>:2:751: not well-formed (invalid token)"}
{"timestamp": "2025-11-29T16:56:14.746042+00:00", "level": "ERROR", "message": "Error fetching The Next Platform (attempt 2): Invalid RSS: <unknown>:7:2: mismatched tag", "category": "AI Hardware", "feed_url": "https://www.nextplatform.com/feed/", "status": "failure", "error_message": "Invalid RSS: <unknown>:7:2: mismatched tag"}
{"timestamp": "2025-11-29T16:56:15.440637+00:00", "level": "ERROR", "message": "Error fetching AnandTech \u2013 GPUs (attempt 2): Invalid RSS: <unknown>:232:117: not well-formed (invalid token)", "category": "AI Hardware", "feed_url": "https://www.anandtech.com/rss/tag/gpus", "status": "failure", "error_message": "Invalid RSS: <unknown>:232:117: not well-formed (invalid token)"}
{"timestamp": "2025-11-29T16:56:16.612539+00:00", "level": "ERROR", "message": "Error fetching DataCenterDynamics (attempt 3): Invalid RSS: <unknown>:2:751: not well-formed (invalid token)", "category": "AI Hardware", "feed_url": "https://www.datacenterdynamics.com/rss-news/", "status": "failure", "error_message": "Invalid RSS: <unknown>:2:751: not well-formed (invalid token)"}
{"timestamp": "2025-11-29T16:56:16.821522+00:00", "level": "ERROR", "message": "Error fetching The Next Platform (attempt 3): Invalid RSS: <unknown>:7:2: mismatched tag", "category": "AI Hardware", "feed_url": "https://www.nextplatform.com/feed/", "status": "failure", "error_message": "Invalid RSS: <unknown>:7:2: mismatched tag"}
{"timestamp": "2025-11-29T16:56:17.735658+00:00", "level": "ERROR", "message": "Error fetching AnandTech \u2013 GPUs (attempt 3): Invalid RSS: <unknown>:232:117: not well-formed (invalid token)", "category": "AI Hardware", "feed_url": "https://www.anandtech.com/rss/tag/gpus", "status": "failure", "error_message": "Invalid RSS: <unknown>:232:117: not well-formed (invalid token)"}
{"timestamp": "2025-11-29T16:56:17.736983+00:00", "level": "INFO", "message": "Saved 56 articles for category 'AI Hardware'", "category": "AI Hardware", "status": "success"}
{"timestamp": "2025-11-29T16:56:17.737048+00:00", "level": "INFO", "message": "RSS fetch process completed", "status": "success"}
